android/app/build/intermediates/manifest_merge_blame_file/release/manifest-merger-blame-release-report.txt
1<?xml version="1.0" encoding="utf-8"?>
2<manifest xmlns:android="http://schemas.android.com/apk/res/android"
3    package="com.bikedoot"
4    android:versionCode="13"
5    android:versionName="1.12" >
6
7    <uses-sdk
8        android:minSdkVersion="21"
8-->src/main/AndroidManifest.xml
9        android:targetSdkVersion="34" />
9-->src/main/AndroidManifest.xml
10
11    <uses-permission android:name="android.permission.INTERNET" />
11-->src/main/AndroidManifest.xml:3:5-67
11-->src/main/AndroidManifest.xml:3:22-64
12    <uses-permission android:name="android.permission.READ_EXTERNAL_STORAGE" />
12-->src/main/AndroidManifest.xml:4:5-80
12-->src/main/AndroidManifest.xml:4:22-77
13    <uses-permission android:name="android.permission.WRITE_EXTERNAL_STORAGE" />
13-->src/main/AndroidManifest.xml:5:5-81
13-->src/main/AndroidManifest.xml:5:22-78
14    <uses-permission android:name="android.permission.ACCESS_FINE_LOCATION" />
14-->src/main/AndroidManifest.xml:6:5-78
14-->src/main/AndroidManifest.xml:6:22-76
15    <uses-permission android:name="android.permission.ACCESS_COARSE_LOCATION" />
15-->src/main/AndroidManifest.xml:7:5-81
15-->src/main/AndroidManifest.xml:7:22-78
16    <uses-permission android:name="android.permission.POST_NOTIFICATIONS" />
16-->src/main/AndroidManifest.xml:8:5-77
16-->src/main/AndroidManifest.xml:8:22-74
17    <uses-permission android:name="android.permission.WAKE_LOCK" />
17-->[:react-native-firebase_messaging] AndroidManifest.xml:8:5-68
17-->[:react-native-firebase_messaging] AndroidManifest.xml:8:22-65
18    <uses-permission android:name="android.permission.ACCESS_NETWORK_STATE" /> <!-- Required by older versions of Google Play services to create IID tokens -->
18-->[:react-native-firebase_messaging] AndroidManifest.xml:9:5-79
18-->[:react-native-firebase_messaging] AndroidManifest.xml:9:22-76
19    <uses-permission android:name="com.google.android.c2dm.permission.RECEIVE" />
19-->[com.google.firebase:firebase-messaging:24.0.0] AndroidManifest.xml:26:5-82
19-->[com.google.firebase:firebase-messaging:24.0.0] AndroidManifest.xml:26:22-79
20    <uses-permission android:name="com.google.android.gms.permission.AD_ID" />
20-->[com.google.android.gms:play-services-measurement-api:22.0.2] AndroidManifest.xml:25:5-79
20-->[com.google.android.gms:play-services-measurement-api:22.0.2] AndroidManifest.xml:25:22-76
21    <uses-permission android:name="android.permission.ACCESS_ADSERVICES_ATTRIBUTION" />
21-->[com.google.android.gms:play-services-measurement-api:22.0.2] AndroidManifest.xml:26:5-88
21-->[com.google.android.gms:play-services-measurement-api:22.0.2] AndroidManifest.xml:26:22-85
22    <uses-permission android:name="android.permission.ACCESS_ADSERVICES_AD_ID" />
22-->[com.google.android.gms:play-services-measurement-api:22.0.2] AndroidManifest.xml:27:5-82
22-->[com.google.android.gms:play-services-measurement-api:22.0.2] AndroidManifest.xml:27:22-79
23
24    <queries>
24-->[com.razorpay:standard-core:1.6.45] AndroidManifest.xml:10:5-39:15
25        <intent>
25-->[com.razorpay:standard-core:1.6.45] AndroidManifest.xml:11:9-17:18
26            <action android:name="android.intent.action.VIEW" />
26-->[com.razorpay:standard-core:1.6.45] AndroidManifest.xml:12:13-65
26-->[com.razorpay:standard-core:1.6.45] AndroidManifest.xml:12:21-62
27
28            <data
28-->[com.razorpay:standard-core:1.6.45] AndroidManifest.xml:14:13-16:38
29                android:mimeType="*/*"
29-->[com.razorpay:standard-core:1.6.45] AndroidManifest.xml:15:17-39
30                android:scheme="*" />
30-->[com.razorpay:standard-core:1.6.45] AndroidManifest.xml:16:17-35
31        </intent>
32        <intent>
32-->[com.razorpay:standard-core:1.6.45] AndroidManifest.xml:18:9-27:18
33            <action android:name="android.intent.action.VIEW" />
33-->[com.razorpay:standard-core:1.6.45] AndroidManifest.xml:12:13-65
33-->[com.razorpay:standard-core:1.6.45] AndroidManifest.xml:12:21-62
34
35            <category android:name="android.intent.category.BROWSABLE" />
35-->[com.razorpay:standard-core:1.6.45] AndroidManifest.xml:21:13-74
35-->[com.razorpay:standard-core:1.6.45] AndroidManifest.xml:21:23-71
36
37            <data
37-->[com.razorpay:standard-core:1.6.45] AndroidManifest.xml:14:13-16:38
38                android:host="pay"
39                android:mimeType="*/*"
39-->[com.razorpay:standard-core:1.6.45] AndroidManifest.xml:15:17-39
40                android:scheme="upi" />
40-->[com.razorpay:standard-core:1.6.45] AndroidManifest.xml:16:17-35
41        </intent>
42        <intent>
42-->[com.razorpay:standard-core:1.6.45] AndroidManifest.xml:28:9-30:18
43            <action android:name="android.intent.action.MAIN" />
43-->src/main/AndroidManifest.xml:29:13-65
43-->src/main/AndroidManifest.xml:29:21-62
44        </intent>
45        <intent>
45-->[com.razorpay:standard-core:1.6.45] AndroidManifest.xml:31:9-35:18
46            <action android:name="android.intent.action.SEND" />
46-->[com.razorpay:standard-core:1.6.45] AndroidManifest.xml:32:13-65
46-->[com.razorpay:standard-core:1.6.45] AndroidManifest.xml:32:21-62
47
48            <data android:mimeType="*/*" />
48-->[com.razorpay:standard-core:1.6.45] AndroidManifest.xml:14:13-16:38
48-->[com.razorpay:standard-core:1.6.45] AndroidManifest.xml:15:17-39
49        </intent>
50        <intent>
50-->[com.razorpay:standard-core:1.6.45] AndroidManifest.xml:36:9-38:18
51            <action android:name="rzp.device_token.share" />
51-->[com.razorpay:standard-core:1.6.45] AndroidManifest.xml:37:13-61
51-->[com.razorpay:standard-core:1.6.45] AndroidManifest.xml:37:21-58
52        </intent>
53    </queries>
54
55    <uses-feature
55-->[com.google.android.gms:play-services-maps:17.0.0] AndroidManifest.xml:26:5-28:35
56        android:glEsVersion="0x00020000"
56-->[com.google.android.gms:play-services-maps:17.0.0] AndroidManifest.xml:27:9-41
57        android:required="true" />
57-->[com.google.android.gms:play-services-maps:17.0.0] AndroidManifest.xml:28:9-32
58
59    <uses-permission android:name="com.google.android.finsky.permission.BIND_GET_INSTALL_REFERRER_SERVICE" />
59-->[com.google.android.gms:play-services-measurement:22.0.2] AndroidManifest.xml:26:5-110
59-->[com.google.android.gms:play-services-measurement:22.0.2] AndroidManifest.xml:26:22-107
60
61    <permission
61-->[androidx.core:core:1.9.0] AndroidManifest.xml:22:5-24:47
62        android:name="com.bikedoot.DYNAMIC_RECEIVER_NOT_EXPORTED_PERMISSION"
62-->[androidx.core:core:1.9.0] AndroidManifest.xml:23:9-81
63        android:protectionLevel="signature" />
63-->[androidx.core:core:1.9.0] AndroidManifest.xml:24:9-44
64
65    <uses-permission android:name="com.bikedoot.DYNAMIC_RECEIVER_NOT_EXPORTED_PERMISSION" /> <!-- for android -->
65-->[androidx.core:core:1.9.0] AndroidManifest.xml:26:5-97
65-->[androidx.core:core:1.9.0] AndroidManifest.xml:26:22-94
66    <!-- <uses-permission android:name="com.android.launcher.permission.READ_SETTINGS"/> -->
67    <!-- <uses-permission android:name="com.android.launcher.permission.WRITE_SETTINGS"/> -->
68    <!-- <uses-permission android:name="com.android.launcher.permission.INSTALL_SHORTCUT" /> -->
69    <!-- <uses-permission android:name="com.android.launcher.permission.UNINSTALL_SHORTCUT" /> -->
70    <!-- for Samsung -->
71    <uses-permission android:name="com.sec.android.provider.badge.permission.READ" />
71-->[me.leolin:ShortcutBadger:1.1.22] AndroidManifest.xml:19:5-86
71-->[me.leolin:ShortcutBadger:1.1.22] AndroidManifest.xml:19:22-83
72    <uses-permission android:name="com.sec.android.provider.badge.permission.WRITE" /> <!-- for htc -->
72-->[me.leolin:ShortcutBadger:1.1.22] AndroidManifest.xml:20:5-87
72-->[me.leolin:ShortcutBadger:1.1.22] AndroidManifest.xml:20:22-84
73    <uses-permission android:name="com.htc.launcher.permission.READ_SETTINGS" />
73-->[me.leolin:ShortcutBadger:1.1.22] AndroidManifest.xml:23:5-81
73-->[me.leolin:ShortcutBadger:1.1.22] AndroidManifest.xml:23:22-78
74    <uses-permission android:name="com.htc.launcher.permission.UPDATE_SHORTCUT" /> <!-- for sony -->
74-->[me.leolin:ShortcutBadger:1.1.22] AndroidManifest.xml:24:5-83
74-->[me.leolin:ShortcutBadger:1.1.22] AndroidManifest.xml:24:22-80
75    <uses-permission android:name="com.sonyericsson.home.permission.BROADCAST_BADGE" />
75-->[me.leolin:ShortcutBadger:1.1.22] AndroidManifest.xml:27:5-88
75-->[me.leolin:ShortcutBadger:1.1.22] AndroidManifest.xml:27:22-85
76    <uses-permission android:name="com.sonymobile.home.permission.PROVIDER_INSERT_BADGE" /> <!-- for apex -->
76-->[me.leolin:ShortcutBadger:1.1.22] AndroidManifest.xml:28:5-92
76-->[me.leolin:ShortcutBadger:1.1.22] AndroidManifest.xml:28:22-89
77    <uses-permission android:name="com.anddoes.launcher.permission.UPDATE_COUNT" /> <!-- for solid -->
77-->[me.leolin:ShortcutBadger:1.1.22] AndroidManifest.xml:31:5-84
77-->[me.leolin:ShortcutBadger:1.1.22] AndroidManifest.xml:31:22-81
78    <uses-permission android:name="com.majeur.launcher.permission.UPDATE_BADGE" /> <!-- for huawei -->
78-->[me.leolin:ShortcutBadger:1.1.22] AndroidManifest.xml:34:5-83
78-->[me.leolin:ShortcutBadger:1.1.22] AndroidManifest.xml:34:22-80
79    <uses-permission android:name="com.huawei.android.launcher.permission.CHANGE_BADGE" />
79-->[me.leolin:ShortcutBadger:1.1.22] AndroidManifest.xml:37:5-91
79-->[me.leolin:ShortcutBadger:1.1.22] AndroidManifest.xml:37:22-88
80    <uses-permission android:name="com.huawei.android.launcher.permission.READ_SETTINGS" />
80-->[me.leolin:ShortcutBadger:1.1.22] AndroidManifest.xml:38:5-92
80-->[me.leolin:ShortcutBadger:1.1.22] AndroidManifest.xml:38:22-89
81    <uses-permission android:name="com.huawei.android.launcher.permission.WRITE_SETTINGS" /> <!-- for ZUK -->
81-->[me.leolin:ShortcutBadger:1.1.22] AndroidManifest.xml:39:5-93
81-->[me.leolin:ShortcutBadger:1.1.22] AndroidManifest.xml:39:22-90
82    <uses-permission android:name="android.permission.READ_APP_BADGE" /> <!-- for OPPO -->
82-->[me.leolin:ShortcutBadger:1.1.22] AndroidManifest.xml:42:5-73
82-->[me.leolin:ShortcutBadger:1.1.22] AndroidManifest.xml:42:22-70
83    <uses-permission android:name="com.oppo.launcher.permission.READ_SETTINGS" />
83-->[me.leolin:ShortcutBadger:1.1.22] AndroidManifest.xml:45:5-82
83-->[me.leolin:ShortcutBadger:1.1.22] AndroidManifest.xml:45:22-79
84    <uses-permission android:name="com.oppo.launcher.permission.WRITE_SETTINGS" /> <!-- for EvMe -->
84-->[me.leolin:ShortcutBadger:1.1.22] AndroidManifest.xml:46:5-83
84-->[me.leolin:ShortcutBadger:1.1.22] AndroidManifest.xml:46:22-80
85    <uses-permission android:name="me.everything.badger.permission.BADGE_COUNT_READ" />
85-->[me.leolin:ShortcutBadger:1.1.22] AndroidManifest.xml:49:5-88
85-->[me.leolin:ShortcutBadger:1.1.22] AndroidManifest.xml:49:22-85
86    <uses-permission android:name="me.everything.badger.permission.BADGE_COUNT_WRITE" />
86-->[me.leolin:ShortcutBadger:1.1.22] AndroidManifest.xml:50:5-89
86-->[me.leolin:ShortcutBadger:1.1.22] AndroidManifest.xml:50:22-86
87
88    <application
88-->src/main/AndroidManifest.xml:12:5-33:19
89        android:name="com.bikedoot.MainApplication"
89-->src/main/AndroidManifest.xml:13:7-38
90        android:allowBackup="false"
90-->src/main/AndroidManifest.xml:17:7-34
91        android:appComponentFactory="androidx.core.app.CoreComponentFactory"
91-->[androidx.core:core:1.9.0] AndroidManifest.xml:28:18-86
92        android:icon="@mipmap/ic_launcher"
92-->src/main/AndroidManifest.xml:15:7-41
93        android:label="@string/app_name"
93-->src/main/AndroidManifest.xml:14:7-39
94        android:roundIcon="@mipmap/ic_launcher_round"
94-->src/main/AndroidManifest.xml:16:7-52
95        android:theme="@style/AppTheme"
95-->src/main/AndroidManifest.xml:19:7-38
96        android:usesCleartextTraffic="true" >
96-->src/main/AndroidManifest.xml:18:8-43
97        <meta-data
97-->src/main/AndroidManifest.xml:20:7-136
98            android:name="com.google.firebase.messaging.default_notification_icon"
98-->src/main/AndroidManifest.xml:20:18-88
99            android:resource="@drawable/ic_notification" />
99-->src/main/AndroidManifest.xml:20:89-133
100
101        <activity
101-->src/main/AndroidManifest.xml:21:7-32:18
102            android:name="com.bikedoot.MainActivity"
102-->src/main/AndroidManifest.xml:22:9-37
103            android:configChanges="keyboard|keyboardHidden|orientation|screenLayout|screenSize|smallestScreenSize|uiMode"
103-->src/main/AndroidManifest.xml:24:9-118
104            android:exported="true"
104-->src/main/AndroidManifest.xml:27:9-32
105            android:label="@string/app_name"
105-->src/main/AndroidManifest.xml:23:9-41
106            android:launchMode="singleTask"
106-->src/main/AndroidManifest.xml:25:9-40
107            android:windowSoftInputMode="adjustResize" >
107-->src/main/AndroidManifest.xml:26:9-51
108            <intent-filter>
108-->src/main/AndroidManifest.xml:28:9-31:25
109                <action android:name="android.intent.action.MAIN" />
109-->src/main/AndroidManifest.xml:29:13-65
109-->src/main/AndroidManifest.xml:29:21-62
110
111                <category android:name="android.intent.category.LAUNCHER" />
111-->src/main/AndroidManifest.xml:30:13-73
111-->src/main/AndroidManifest.xml:30:23-70
112            </intent-filter>
113        </activity>
114        <!-- Disable crashlytics by default so we can custom init with CrashlyticsNdk support -->
115        <meta-data
115-->[:react-native-firebase_crashlytics] AndroidManifest.xml:10:9-12:37
116            android:name="firebase_crashlytics_collection_enabled"
116-->[:react-native-firebase_crashlytics] AndroidManifest.xml:11:13-67
117            android:value="false" />
117-->[:react-native-firebase_crashlytics] AndroidManifest.xml:12:13-34
118
119        <provider
119-->[:react-native-firebase_crashlytics] AndroidManifest.xml:14:9-18:38
120            android:name="io.invertase.firebase.crashlytics.ReactNativeFirebaseCrashlyticsInitProvider"
120-->[:react-native-firebase_crashlytics] AndroidManifest.xml:15:13-104
121            android:authorities="com.bikedoot.reactnativefirebasecrashlyticsinitprovider"
121-->[:react-native-firebase_crashlytics] AndroidManifest.xml:16:13-94
122            android:exported="false"
122-->[:react-native-firebase_crashlytics] AndroidManifest.xml:17:13-37
123            android:initOrder="98" />
123-->[:react-native-firebase_crashlytics] AndroidManifest.xml:18:13-35
124
125        <service
125-->[:react-native-firebase_messaging] AndroidManifest.xml:12:9-14:40
126            android:name="io.invertase.firebase.messaging.ReactNativeFirebaseMessagingHeadlessService"
126-->[:react-native-firebase_messaging] AndroidManifest.xml:13:13-103
127            android:exported="false" />
127-->[:react-native-firebase_messaging] AndroidManifest.xml:14:13-37
128        <service
128-->[:react-native-firebase_messaging] AndroidManifest.xml:15:9-21:19
129            android:name="io.invertase.firebase.messaging.ReactNativeFirebaseMessagingService"
129-->[:react-native-firebase_messaging] AndroidManifest.xml:16:13-95
130            android:exported="false" >
130-->[:react-native-firebase_messaging] AndroidManifest.xml:17:13-37
131            <intent-filter>
131-->[:react-native-firebase_messaging] AndroidManifest.xml:18:13-20:29
132                <action android:name="com.google.firebase.MESSAGING_EVENT" />
132-->[:react-native-firebase_messaging] AndroidManifest.xml:19:17-78
132-->[:react-native-firebase_messaging] AndroidManifest.xml:19:25-75
133            </intent-filter>
134        </service>
135
136        <receiver
136-->[:react-native-firebase_messaging] AndroidManifest.xml:23:9-30:20
137            android:name="io.invertase.firebase.messaging.ReactNativeFirebaseMessagingReceiver"
137-->[:react-native-firebase_messaging] AndroidManifest.xml:24:13-96
138            android:exported="true"
138-->[:react-native-firebase_messaging] AndroidManifest.xml:25:13-36
139            android:permission="com.google.android.c2dm.permission.SEND" >
139-->[:react-native-firebase_messaging] AndroidManifest.xml:26:13-73
140            <intent-filter>
140-->[:react-native-firebase_messaging] AndroidManifest.xml:27:13-29:29
141                <action android:name="com.google.android.c2dm.intent.RECEIVE" />
141-->[:react-native-firebase_messaging] AndroidManifest.xml:28:17-81
141-->[:react-native-firebase_messaging] AndroidManifest.xml:28:25-78
142            </intent-filter>
143        </receiver>
144
145        <meta-data
145-->[:react-native-firebase_messaging] AndroidManifest.xml:32:9-34:36
146            android:name="firebase_messaging_auto_init_enabled"
146-->[:react-native-firebase_messaging] AndroidManifest.xml:33:13-64
147            android:value="true" />
147-->[:react-native-firebase_messaging] AndroidManifest.xml:34:13-33
148        <meta-data
148-->[:react-native-firebase_messaging] AndroidManifest.xml:35:9-37:32
149            android:name="com.google.firebase.messaging.default_notification_channel_id"
149-->[:react-native-firebase_messaging] AndroidManifest.xml:36:13-89
150            android:value="" />
150-->[:react-native-firebase_messaging] AndroidManifest.xml:37:13-29
151        <meta-data
151-->[:react-native-firebase_messaging] AndroidManifest.xml:38:9-40:47
152            android:name="com.google.firebase.messaging.default_notification_color"
152-->[:react-native-firebase_messaging] AndroidManifest.xml:39:13-84
153            android:resource="@color/white" />
153-->[:react-native-firebase_messaging] AndroidManifest.xml:40:13-44
154        <meta-data
154-->[:react-native-firebase_app] AndroidManifest.xml:9:9-11:36
155            android:name="app_data_collection_default_enabled"
155-->[:react-native-firebase_app] AndroidManifest.xml:10:13-63
156            android:value="true" />
156-->[:react-native-firebase_app] AndroidManifest.xml:11:13-33
157
158        <service
158-->[:react-native-firebase_app] AndroidManifest.xml:13:9-21:19
159            android:name="com.google.firebase.components.ComponentDiscoveryService"
159-->[:react-native-firebase_app] AndroidManifest.xml:14:13-84
160            android:directBootAware="true"
160-->[:react-native-firebase_app] AndroidManifest.xml:15:13-43
161            android:exported="false" >
161-->[:react-native-firebase_app] AndroidManifest.xml:16:13-37
162            <meta-data
162-->[:react-native-firebase_app] AndroidManifest.xml:18:13-20:85
163                android:name="com.google.firebase.components:io.invertase.firebase.app.ReactNativeFirebaseAppRegistrar"
163-->[:react-native-firebase_app] AndroidManifest.xml:19:17-120
164                android:value="com.google.firebase.components.ComponentRegistrar" />
164-->[:react-native-firebase_app] AndroidManifest.xml:20:17-82
165            <meta-data
165-->[com.google.firebase:firebase-crashlytics-ndk:19.0.3] AndroidManifest.xml:32:13-34:85
166                android:name="com.google.firebase.components:com.google.firebase.crashlytics.ndk.CrashlyticsNdkRegistrar"
166-->[com.google.firebase:firebase-crashlytics-ndk:19.0.3] AndroidManifest.xml:33:17-122
167                android:value="com.google.firebase.components.ComponentRegistrar" />
167-->[com.google.firebase:firebase-crashlytics-ndk:19.0.3] AndroidManifest.xml:34:17-82
168            <meta-data
168-->[com.google.firebase:firebase-crashlytics:19.0.3] AndroidManifest.xml:15:13-17:85
169                android:name="com.google.firebase.components:com.google.firebase.crashlytics.FirebaseCrashlyticsKtxRegistrar"
169-->[com.google.firebase:firebase-crashlytics:19.0.3] AndroidManifest.xml:16:17-126
170                android:value="com.google.firebase.components.ComponentRegistrar" />
170-->[com.google.firebase:firebase-crashlytics:19.0.3] AndroidManifest.xml:17:17-82
171            <meta-data
171-->[com.google.firebase:firebase-crashlytics:19.0.3] AndroidManifest.xml:18:13-20:85
172                android:name="com.google.firebase.components:com.google.firebase.crashlytics.CrashlyticsRegistrar"
172-->[com.google.firebase:firebase-crashlytics:19.0.3] AndroidManifest.xml:19:17-115
173                android:value="com.google.firebase.components.ComponentRegistrar" />
173-->[com.google.firebase:firebase-crashlytics:19.0.3] AndroidManifest.xml:20:17-82
174            <meta-data
174-->[com.google.firebase:firebase-messaging:24.0.0] AndroidManifest.xml:57:13-59:85
175                android:name="com.google.firebase.components:com.google.firebase.messaging.FirebaseMessagingKtxRegistrar"
175-->[com.google.firebase:firebase-messaging:24.0.0] AndroidManifest.xml:58:17-122
176                android:value="com.google.firebase.components.ComponentRegistrar" />
176-->[com.google.firebase:firebase-messaging:24.0.0] AndroidManifest.xml:59:17-82
177            <meta-data
177-->[com.google.firebase:firebase-messaging:24.0.0] AndroidManifest.xml:60:13-62:85
178                android:name="com.google.firebase.components:com.google.firebase.messaging.FirebaseMessagingRegistrar"
178-->[com.google.firebase:firebase-messaging:24.0.0] AndroidManifest.xml:61:17-119
179                android:value="com.google.firebase.components.ComponentRegistrar" />
179-->[com.google.firebase:firebase-messaging:24.0.0] AndroidManifest.xml:62:17-82
180            <meta-data
180-->[com.google.firebase:firebase-sessions:2.0.3] AndroidManifest.xml:29:13-31:85
181                android:name="com.google.firebase.components:com.google.firebase.sessions.FirebaseSessionsRegistrar"
181-->[com.google.firebase:firebase-sessions:2.0.3] AndroidManifest.xml:30:17-117
182                android:value="com.google.firebase.components.ComponentRegistrar" />
182-->[com.google.firebase:firebase-sessions:2.0.3] AndroidManifest.xml:31:17-82
183            <meta-data
183-->[com.google.firebase:firebase-datatransport:19.0.0] AndroidManifest.xml:25:13-27:85
184                android:name="com.google.firebase.components:com.google.firebase.datatransport.TransportRegistrar"
184-->[com.google.firebase:firebase-datatransport:19.0.0] AndroidManifest.xml:26:17-115
185                android:value="com.google.firebase.components.ComponentRegistrar" />
185-->[com.google.firebase:firebase-datatransport:19.0.0] AndroidManifest.xml:27:17-82
186            <meta-data
186-->[com.google.android.gms:play-services-measurement-api:22.0.2] AndroidManifest.xml:37:13-39:85
187                android:name="com.google.firebase.components:com.google.firebase.analytics.connector.internal.AnalyticsConnectorRegistrar"
187-->[com.google.android.gms:play-services-measurement-api:22.0.2] AndroidManifest.xml:38:17-139
188                android:value="com.google.firebase.components.ComponentRegistrar" />
188-->[com.google.android.gms:play-services-measurement-api:22.0.2] AndroidManifest.xml:39:17-82
189            <meta-data
189-->[com.google.firebase:firebase-installations:18.0.0] AndroidManifest.xml:15:13-17:85
190                android:name="com.google.firebase.components:com.google.firebase.installations.FirebaseInstallationsKtxRegistrar"
190-->[com.google.firebase:firebase-installations:18.0.0] AndroidManifest.xml:16:17-130
191                android:value="com.google.firebase.components.ComponentRegistrar" />
191-->[com.google.firebase:firebase-installations:18.0.0] AndroidManifest.xml:17:17-82
192            <meta-data
192-->[com.google.firebase:firebase-installations:18.0.0] AndroidManifest.xml:18:13-20:85
193                android:name="com.google.firebase.components:com.google.firebase.installations.FirebaseInstallationsRegistrar"
193-->[com.google.firebase:firebase-installations:18.0.0] AndroidManifest.xml:19:17-127
194                android:value="com.google.firebase.components.ComponentRegistrar" />
194-->[com.google.firebase:firebase-installations:18.0.0] AndroidManifest.xml:20:17-82
195            <meta-data
195-->[com.google.firebase:firebase-common-ktx:21.0.0] AndroidManifest.xml:12:13-14:85
196                android:name="com.google.firebase.components:com.google.firebase.ktx.FirebaseCommonLegacyRegistrar"
196-->[com.google.firebase:firebase-common-ktx:21.0.0] AndroidManifest.xml:13:17-116
197                android:value="com.google.firebase.components.ComponentRegistrar" />
197-->[com.google.firebase:firebase-common-ktx:21.0.0] AndroidManifest.xml:14:17-82
198            <meta-data
198-->[com.google.firebase:firebase-common:21.0.0] AndroidManifest.xml:35:13-37:85
199                android:name="com.google.firebase.components:com.google.firebase.FirebaseCommonKtxRegistrar"
199-->[com.google.firebase:firebase-common:21.0.0] AndroidManifest.xml:36:17-109
200                android:value="com.google.firebase.components.ComponentRegistrar" />
200-->[com.google.firebase:firebase-common:21.0.0] AndroidManifest.xml:37:17-82
201        </service>
202
203        <provider
203-->[:react-native-firebase_app] AndroidManifest.xml:23:9-27:38
204            android:name="io.invertase.firebase.app.ReactNativeFirebaseAppInitProvider"
204-->[:react-native-firebase_app] AndroidManifest.xml:24:13-88
205            android:authorities="com.bikedoot.reactnativefirebaseappinitprovider"
205-->[:react-native-firebase_app] AndroidManifest.xml:25:13-86
206            android:exported="false"
206-->[:react-native-firebase_app] AndroidManifest.xml:26:13-37
207            android:initOrder="99" />
207-->[:react-native-firebase_app] AndroidManifest.xml:27:13-35
208        <provider
208-->[:react-native-image-picker] AndroidManifest.xml:8:9-16:20
209            android:name="com.imagepicker.ImagePickerProvider"
209-->[:react-native-image-picker] AndroidManifest.xml:9:13-63
210            android:authorities="com.bikedoot.imagepickerprovider"
210-->[:react-native-image-picker] AndroidManifest.xml:10:13-71
211            android:exported="false"
211-->[:react-native-image-picker] AndroidManifest.xml:11:13-37
212            android:grantUriPermissions="true" >
212-->[:react-native-image-picker] AndroidManifest.xml:12:13-47
213            <meta-data
213-->[:react-native-image-picker] AndroidManifest.xml:13:13-15:70
214                android:name="android.support.FILE_PROVIDER_PATHS"
214-->[:react-native-image-picker] AndroidManifest.xml:14:17-67
215                android:resource="@xml/imagepicker_provider_paths" />
215-->[:react-native-image-picker] AndroidManifest.xml:15:17-67
216        </provider>
217
218        <activity
218-->[:react-native-razorpay] AndroidManifest.xml:8:9-10:86
219            android:name="com.razorpay.CheckoutActivity"
219-->[:react-native-razorpay] AndroidManifest.xml:9:13-57
220            android:configChanges="keyboard|keyboardHidden|orientation|screenSize"
220-->[:react-native-razorpay] AndroidManifest.xml:10:13-83
221            android:exported="false"
221-->[com.razorpay:standard-core:1.6.45] AndroidManifest.xml:54:13-37
222            android:theme="@style/CheckoutTheme" >
222-->[com.razorpay:standard-core:1.6.45] AndroidManifest.xml:55:13-49
223            <intent-filter>
223-->[com.razorpay:standard-core:1.6.45] AndroidManifest.xml:56:13-58:29
224                <action android:name="android.intent.action.MAIN" />
224-->src/main/AndroidManifest.xml:29:13-65
224-->src/main/AndroidManifest.xml:29:21-62
225            </intent-filter>
226        </activity>
227
228        <receiver
228-->[com.google.firebase:firebase-messaging:24.0.0] AndroidManifest.xml:29:9-40:20
229            android:name="com.google.firebase.iid.FirebaseInstanceIdReceiver"
229-->[com.google.firebase:firebase-messaging:24.0.0] AndroidManifest.xml:30:13-78
230            android:exported="true"
230-->[com.google.firebase:firebase-messaging:24.0.0] AndroidManifest.xml:31:13-36
231            android:permission="com.google.android.c2dm.permission.SEND" >
231-->[com.google.firebase:firebase-messaging:24.0.0] AndroidManifest.xml:32:13-73
232            <intent-filter>
232-->[:react-native-firebase_messaging] AndroidManifest.xml:27:13-29:29
233                <action android:name="com.google.android.c2dm.intent.RECEIVE" />
233-->[:react-native-firebase_messaging] AndroidManifest.xml:28:17-81
233-->[:react-native-firebase_messaging] AndroidManifest.xml:28:25-78
234            </intent-filter>
235
236            <meta-data
236-->[com.google.firebase:firebase-messaging:24.0.0] AndroidManifest.xml:37:13-39:40
237                android:name="com.google.android.gms.cloudmessaging.FINISHED_AFTER_HANDLED"
237-->[com.google.firebase:firebase-messaging:24.0.0] AndroidManifest.xml:38:17-92
238                android:value="true" />
238-->[com.google.firebase:firebase-messaging:24.0.0] AndroidManifest.xml:39:17-37
239        </receiver>
240        <!--
241             FirebaseMessagingService performs security checks at runtime,
242             but set to not exported to explicitly avoid allowing another app to call it.
243        -->
244        <service
244-->[com.google.firebase:firebase-messaging:24.0.0] AndroidManifest.xml:46:9-53:19
245            android:name="com.google.firebase.messaging.FirebaseMessagingService"
245-->[com.google.firebase:firebase-messaging:24.0.0] AndroidManifest.xml:47:13-82
246            android:directBootAware="true"
246-->[com.google.firebase:firebase-messaging:24.0.0] AndroidManifest.xml:48:13-43
247            android:exported="false" >
247-->[com.google.firebase:firebase-messaging:24.0.0] AndroidManifest.xml:49:13-37
248            <intent-filter android:priority="-500" >
248-->[:react-native-firebase_messaging] AndroidManifest.xml:18:13-20:29
249                <action android:name="com.google.firebase.MESSAGING_EVENT" />
249-->[:react-native-firebase_messaging] AndroidManifest.xml:19:17-78
249-->[:react-native-firebase_messaging] AndroidManifest.xml:19:25-75
250            </intent-filter>
251        </service>
252        <service
252-->[com.google.firebase:firebase-sessions:2.0.3] AndroidManifest.xml:22:9-25:40
253            android:name="com.google.firebase.sessions.SessionLifecycleService"
253-->[com.google.firebase:firebase-sessions:2.0.3] AndroidManifest.xml:23:13-80